<?xml version="1.0" encoding="UTF-8"?>
<!-- Generated by org.testng.reporters.JUnitReportReporter -->
<testsuite hostname="DESKTOP-J7DCQRE" failures="0" tests="1" name="bdd.Runner" time="0.156" errors="0" timestamp="2024-11-15T16:14:59 IST" skipped="0">
  <testcase classname="bdd.Runner" name="runScenario" time="0.156"/>
</testsuite> <!-- bdd.Runner -->
