<?xml version="1.0" encoding="UTF-8"?>
<!-- Generated by org.testng.reporters.JUnitReportReporter -->
<testsuite hostname="DESKTOP-J7DCQRE" failures="0" tests="3" name="project_new.New" time="13.519" errors="0" timestamp="2024-10-18T13:03:24 IST" skipped="0">
  <testcase classname="project_new.New" name="login" time="3.655"/>
  <testcase classname="project_new.New" name="login" time="3.700"/>
  <testcase classname="project_new.New" name="login" time="6.164"/>
</testsuite> <!-- project_new.New -->
