<?xml version="1.0" encoding="UTF-8"?>
<!-- Generated by org.testng.reporters.JUnitReportReporter -->
<testsuite hostname="DESKTOP-J7DCQRE" failures="0" tests="1" name="project_new.Mail" time="4.307" errors="0" timestamp="2024-10-21T15:10:18 IST" skipped="0">
  <testcase classname="project_new.Mail" name="sendReport" time="4.307"/>
</testsuite> <!-- project_new.Mail -->
